<?xml version="1.0" encoding="UTF-8"?>
<!-- Generated by org.testng.reporters.JUnitXMLReporter -->
<testsuite hostname="tawhid21-PC" name="Login and Update Profile Test2" tests="1" failures="1" timestamp="1 Apr 2018 01:36:21 GMT" time="180.767" errors="0">
  <testcase name="feature" time="180.704" classname="com.abc.ignition.main.test.TestRunner2">
    <failure type="cucumber.runtime.CucumberException" message="org.openqa.selenium.StaleElementReferenceException: Element not found in the cache - perhaps the page has changed since it was looked up
Command duration or timeout: 60.10 seconds">
      <![CDATA[cucumber.runtime.CucumberException: org.openqa.selenium.StaleElementReferenceException: Element not found in the cache - perhaps the page has changed since it was looked up
Command duration or timeout: 60.10 seconds
	at cucumber.api.testng.TestNGCucumberRunner.runCucumber(TestNGCucumberRunner.java:69)
	at com.abc.ignition.main.test.TestRunner2.feature(TestRunner2.java:36)
	at java.util.concurrent.FutureTask.run(Unknown Source)
	at java.util.concurrent.ThreadPoolExecutor.runWorker(Unknown Source)
	at java.util.concurrent.ThreadPoolExecutor$Worker.run(Unknown Source)
	at java.lang.Thread.run(Unknown Source)
Caused by: org.openqa.selenium.StaleElementReferenceException: Element not found in the cache - perhaps the page has changed since it was looked up
Command duration or timeout: 60.10 seconds
	at org.openqa.selenium.remote.ErrorHandler.createThrowable(ErrorHandler.java:215)
	at org.openqa.selenium.remote.ErrorHandler.throwIfResponseFailed(ErrorHandler.java:167)
	at org.openqa.selenium.remote.RemoteWebDriver.execute(RemoteWebDriver.java:671)
	at org.openqa.selenium.remote.RemoteWebElement.execute(RemoteWebElement.java:272)
	at org.openqa.selenium.remote.RemoteWebElement.sendKeys(RemoteWebElement.java:96)
	at org.openqa.selenium.support.pagefactory.internal.LocatingElementHandler.invoke(LocatingElementHandler.java:51)
	at com.sun.proxy.$Proxy20.sendKeys(Unknown Source)
	at com.abc.ignition.page.common.LogOnPage.login(LogOnPage.java:34)
	at com.abc.ignition.step.common.CommonStep.i_login_in_with_and_password(CommonStep.java:46)
	at ✽.Given I login in with "admin" and password "mercury"(FlightReservation.feature:10)
Caused by: org.openqa.selenium.StaleElementReferenceException: Element not found in the cache - perhaps the page has changed since it was looked up
For documentation on this error, please visit: http://seleniumhq.org/exceptions/stale_element_reference.html
Build info: version: '3.4.0', revision: 'unknown', time: 'unknown'
System info: host: 'TAWHID21-PC', ip: '192.168.86.180', os.name: 'Windows 7', os.arch: 'amd64', os.version: '6.1', java.version: '1.8.0_72'
Driver info: driver.version: unknown
	at <anonymous class>.fxdriver.cache.getElementAt(resource://fxdriver/modules/web-element-cache.js:9525)
	at <anonymous class>.Utils.getElementAt(file:///C:/Users/tawhid21/AppData/Local/Temp/anonymous3656006673229424431webdriver-profile/extensions/fxdriver@googlecode.com/components/command-processor.js:10408)
	at <anonymous class>.fxdriver.preconditions.visible(file:///C:/Users/tawhid21/AppData/Local/Temp/anonymous3656006673229424431webdriver-profile/extensions/fxdriver@googlecode.com/components/command-processor.js:10917)
	at <anonymous class>.DelayedCommand.prototype.checkPreconditions_(file:///C:/Users/tawhid21/AppData/Local/Temp/anonymous3656006673229424431webdriver-profile/extensions/fxdriver@googlecode.com/components/command-processor.js:12862)
	at <anonymous class>.DelayedCommand.prototype.executeInternal_/k(file:///C:/Users/tawhid21/AppData/Local/Temp/anonymous3656006673229424431webdriver-profile/extensions/fxdriver@googlecode.com/components/command-processor.js:12879)
	at <anonymous class>.fxdriver.Timer.prototype.setTimeout/<.notify(file:///C:/Users/tawhid21/AppData/Local/Temp/anonymous3656006673229424431webdriver-profile/extensions/fxdriver@googlecode.com/components/command-processor.js:720)
... Removed 24 stack frames]]>
    </failure>
  </testcase> <!-- feature -->
</testsuite> <!-- Login and Update Profile Test2 -->
